nohup: ignoring input
pip 487509
/export/NAS/cosmo/data/davide.sciotti/OneCovariance/onecov/cov_cosebis.py:598: SyntaxWarning: invalid escape sequence '\l'
  """
/export/NAS/cosmo/data/davide.sciotti/OneCovariance/onecov/cov_cosebis.py:1301: SyntaxWarning: invalid escape sequence '\l'
  """
/export/NAS/cosmo/data/davide.sciotti/OneCovariance/onecov/cov_cosebis.py:1382: SyntaxWarning: invalid escape sequence '\l'
  """
/export/NAS/cosmo/data/davide.sciotti/OneCovariance/onecov/cov_cosebis.py:1462: SyntaxWarning: invalid escape sequence '\l'
  """
/export/NAS/cosmo/data/davide.sciotti/OneCovariance/onecov/cov_arbitrary_summary.py:808: SyntaxWarning: invalid escape sequence '\l'
  """
/export/NAS/cosmo/data/davide.sciotti/OneCovariance/onecov/cov_arbitrary_summary.py:1503: SyntaxWarning: invalid escape sequence '\l'
  """
/export/NAS/cosmo/data/davide.sciotti/OneCovariance/onecov/cov_arbitrary_summary.py:1583: SyntaxWarning: invalid escape sequence '\l'
  """
/export/NAS/cosmo/data/davide.sciotti/OneCovariance/onecov/cov_arbitrary_summary.py:1664: SyntaxWarning: invalid escape sequence '\l'
  """
/export/NAS/cosmo/data/davide.sciotti/OneCovariance/onecov/cov_arbitrary_summary.py:1785: SyntaxWarning: invalid escape sequence '\A'
  print('\Arbitrary summary covariance calculation for the '
READING INPUT
#############
Reading in redshift distributions for clustering from file /home/cosmo/davide.sciotti/data/OneCovariance/input/inputs_SPV3/nzTab-EP13-zedMin02-zedMax25-mag245.ascii.
Reading in redshift distributions for lensing from file /home/cosmo/davide.sciotti/data/OneCovariance/input/inputs_SPV3/nzTab-EP13-zedMin02-zedMax25-mag245.ascii.
Using redshft dependent bias and NOT HoD for galaxy count modelling from file /home/cosmo/davide.sciotti/data/OneCovariance/input/inputs_SPV3/gal_bias_table_SPV3.ascii...
Reading in tabulated C_ells from file /home/cosmo/davide.sciotti/data/OneCovariance/input/inputs_SPV3/Cell_gg.ascii.
Reading in tabulated C_ells from file /home/cosmo/davide.sciotti/data/OneCovariance/input/inputs_SPV3/Cell_gl.ascii.
Reading in tabulated C_ells from file /home/cosmo/davide.sciotti/data/OneCovariance/input/inputs_SPV3/Cell_ll.ascii.
CALCULATING COVARIANCE FOR ANGULAR POWER SPECTRA
######################################FileInputWarning: The tabulated angular modes (ells) from the angular power spectra file(s) do not match the ones currently in use, the ells will now be overwritten to the tabulated ones.
