nohup: ignoring input 1253010
READING INPUT
#############
Omitting clustering mask file /home/cosmo/davide.sciotti/data/common_data/mask/mask_circular_1pole_14700deg2_nside2048.fits since [survey specs]: 'survey_area_clust_in_deg2' is given.
Omitting galaxy-galaxy lensing mask file /home/cosmo/davide.sciotti/data/common_data/mask/mask_circular_1pole_14700deg2_nside2048.fits since [survey specs]: 'survey_area_ggl_in_deg2' is given.
Omitting lensing mask file /home/cosmo/davide.sciotti/data/common_data/mask/mask_circular_1pole_14700deg2_nside2048.fits since [survey specs]: 'survey_area_lensing_in_deg2' is given.
Reading in redshift distributions for clustering from file /home/cosmo/davide.sciotti/data/OneCovariance/input/inputs_SPV3/nzTab-EP13-zedMin02-zedMax25-mag245.ascii.
Reading in redshift distributions for lensing from file /home/cosmo/davide.sciotti/data/OneCovariance/input/inputs_SPV3/nzTab-EP13-zedMin02-zedMax25-mag245.ascii.
Using redshft dependent bias and NOT HoD for galaxy count modelling from file /home/cosmo/davide.sciotti/data/OneCovariance/input/inputs_SPV3/gal_bias_table_SPV3.ascii...
Reading in tabulated C_ells from file /home/cosmo/davide.sciotti/data/OneCovariance/input/inputs_SPV3/Cell_gg_SPV3_ccl.ascii.
Reading in tabulated C_ells from file /home/cosmo/davide.sciotti/data/OneCovariance/input/inputs_SPV3/Cell_gl_SPV3_ccl.ascii.
Reading in tabulated C_ells from file /home/cosmo/davide.sciotti/data/OneCovariance/input/inputs_SPV3/Cell_ll_SPV3_ccl.ascii.
CALCULATING COVARIANCE FOR ANGULAR POWER SPECTRA
#########################################FileInputWarning: The tabulated angular modes (ells) from the angular power spectra file(s) do not match the ones currently in use, the ells will now be overwritten to the tabulated ones.

Preparations for C_ell calculation at 0.7% in 0.5sek  ETA in 78.4sek
Preparations for C_ell calculation at 1.3% in 1.1sek  ETA in 78.7sek
Preparations for C_ell calculation at 2.0% in 1.8sek  ETA in 86.3sek
Preparations for C_ell calculation at 2.7% in 2.4sek  ETA in 85.9sek
Preparations for C_ell calculation at 3.3% in 3.0sek  ETA in 88.3sek
Preparations for C_ell calculation at 4.0% in 3.6sek  ETA in 86.5sek
Preparations for C_ell calculation at 4.7% in 4.1sek  ETA in 83.7sek
Preparations for C_ell calculation at 5.3% in 4.7sek  ETA in 82.8sek
Preparations for C_ell calculation at 6.0% in 5.3sek  ETA in 82.6sek
Preparations for C_ell calculation at 6.7% in 5.9sek  ETA in 82.4sek
Preparations for C_ell calculation at 7.3% in 6.5sek  ETA in 82.5sek
Preparations for C_ell calculation at 8.0% in 7.2sek  ETA in 82.8sek
Preparations for C_ell calculation at 8.7% in 7.8sek  ETA in 82.3sek
Preparations for C_ell calculation at 9.3% in 8.5sek  ETA in 82.2sek
Preparations for C_ell calculation at 10.0% in 9.1sek  ETA in 81.9sek
Preparations for C_ell calculation at 10.7% in 9.8sek  ETA in 82.1sek
Preparations for C_ell calculation at 11.3% in 10.4sek  ETA in 81.7sek
Preparations for C_ell calculation at 12.0% in 11.1sek  ETA in 81.2sek
Preparations for C_ell calculation at 12.7% in 11.7sek  ETA in 80.6sek
Preparations for C_ell calculation at 13.3% in 12.3sek  ETA in 80.1sek
Preparations for C_ell calculation at 14.0% in 13.0sek  ETA in 79.7sek
Preparations for C_ell calculation at 14.7% in 13.6sek  ETA in 78.9sek
Preparations for C_ell calculation at 15.3% in 14.1sek  ETA in 78.0sek
Preparations for C_ell calculation at 16.0% in 14.7sek  ETA in 77.2sek
Preparations for C_ell calculation at 16.7% in 15.3sek  ETA in 76.3sek
Preparations for C_ell calculation at 17.3% in 15.8sek  ETA in 75.5sek
Preparations for C_ell calculation at 18.0% in 16.4sek  ETA in 74.8sek
Preparations for C_ell calculation at 18.7% in 17.1sek  ETA in 74.7sek
Preparations for C_ell calculation at 19.3% in 17.6sek  ETA in 73.5sek
Preparations for C_ell calculation at 20.0% in 18.2sek  ETA in 72.8sek
Preparations for C_ell calculation at 20.7% in 18.8sek  ETA in 72.1sek
Preparations for C_ell calculation at 21.3% in 19.3sek  ETA in 71.3sek
Preparations for C_ell calculation at 22.0% in 20.0sek  ETA in 70.9sek
Preparations for C_ell calculation at 22.7% in 20.7sek  ETA in 70.6sek
Preparations for C_ell calculation at 23.3% in 21.3sek  ETA in 70.0sek
Preparations for C_ell calculation at 24.0% in 21.9sek  ETA in 69.2sek
Preparations for C_ell calculation at 24.7% in 22.3sek  ETA in 68.3sek
Preparations for C_ell calculation at 25.3% in 23.0sek  ETA in 67.6sek
Preparations for C_ell calculation at 26.0% in 23.5sek  ETA in 66.8sek
Preparations for C_ell calculation at 26.7% in 24.1sek  ETA in 66.2sek
Preparations for C_ell calculation at 27.3% in 24.7sek  ETA in 65.6sek
Preparations for C_ell calculation at 28.0% in 25.3sek  ETA in 65.2sek
Preparations for C_ell calculation at 28.7% in 26.0sek  ETA in 64.6sek
Preparations for C_ell calculation at 29.3% in 26.7sek  ETA in 64.2sek
Preparations for C_ell calculation at 30.0% in 27.3sek  ETA in 63.6sek
Preparations for C_ell calculation at 30.7% in 27.9sek  ETA in 63.0sek
Preparations for C_ell calculation at 31.3% in 28.5sek  ETA in 62.5sek
Preparations for C_ell calculation at 32.0% in 29.1sek  ETA in 61.8sek
Preparations for C_ell calculation at 32.7% in 29.7sek  ETA in 61.2sek
Preparations for C_ell calculation at 33.3% in 30.2sek  ETA in 60.5sek
Preparations for C_ell calculation at 34.0% in 30.8sek  ETA in 59.8sek
Preparations for C_ell calculation at 34.7% in 31.5sek  ETA in 59.3sek
Preparations for C_ell calculation at 35.3% in 32.0sek  ETA in 58.6sek
Preparations for C_ell calculation at 36.0% in 32.6sek  ETA in 58.0sek
Preparations for C_ell calculation at 36.7% in 33.3sek  ETA in 57.5sek
Preparations for C_ell calculation at 37.3% in 33.9sek  ETA in 56.9sek
Preparations for C_ell calculation at 38.0% in 34.6sek  ETA in 56.4sek
Preparations for C_ell calculation at 38.7% in 35.2sek  ETA in 55.9sek
Preparations for C_ell calculation at 39.3% in 35.8sek  ETA in 55.3sek
Preparations for C_ell calculation at 40.0% in 36.5sek  ETA in 54.8sek
Preparations for C_ell calculation at 40.7% in 37.1sek  ETA in 54.1sek
Preparations for C_ell calculation at 41.3% in 37.7sek  ETA in 53.5sek
Preparations for C_ell calculation at 42.0% in 38.3sek  ETA in 52.8sek
Preparations for C_ell calculation at 42.7% in 38.8sek  ETA in 52.2sek
Preparations for C_ell calculation at 43.3% in 39.3sek  ETA in 51.4sek
Preparations for C_ell calculation at 44.0% in 39.9sek  ETA in 50.8sek
Preparations for C_ell calculation at 44.7% in 40.5sek  ETA in 50.1sek
Preparations for C_ell calculation at 45.3% in 41.1sek  ETA in 49.6sek
Preparations for C_ell calculation at 46.0% in 41.6sek  ETA in 48.8sek
Preparations for C_ell calculation at 46.7% in 42.1sek  ETA in 48.1sek
Preparations for C_ell calculation at 47.3% in 42.7sek  ETA in 47.5sek
Preparations for C_ell calculation at 48.0% in 43.1sek  ETA in 46.7sek
Preparations for C_ell calculation at 48.7% in 43.7sek  ETA in 46.1sek
Preparations for C_ell calculation at 49.3% in 44.3sek  ETA in 45.5sek
Preparations for C_ell calculation at 50.0% in 44.8sek  ETA in 44.8sek
Preparations for C_ell calculation at 50.7% in 45.5sek  ETA in 44.3sek
Preparations for C_ell calculation at 51.3% in 46.0sek  ETA in 43.6sek
Preparations for C_ell calculation at 52.0% in 46.6sek  ETA in 43.0sek
Preparations for C_ell calculation at 52.7% in 47.1sek  ETA in 42.3sek
Preparations for C_ell calculation at 53.3% in 47.8sek  ETA in 41.8sek
Preparations for C_ell calculation at 54.0% in 48.3sek  ETA in 41.1sek
Preparations for C_ell calculation at 54.7% in 48.9sek  ETA in 40.5sek
Preparations for C_ell calculation at 55.3% in 49.5sek  ETA in 39.9sek
Preparations for C_ell calculation at 56.0% in 50.1sek  ETA in 39.3sek
Preparations for C_ell calculation at 56.7% in 50.6sek  ETA in 38.7sek
Preparations for C_ell calculation at 57.3% in 51.1sek  ETA in 38.0sek
Preparations for C_ell calculation at 58.0% in 51.7sek  ETA in 37.4sek
Preparations for C_ell calculation at 58.7% in 52.3sek  ETA in 36.8sek
Preparations for C_ell calculation at 59.3% in 52.8sek  ETA in 36.2sek
Preparations for C_ell calculation at 60.0% in 53.3sek  ETA in 35.6sek
Preparations for C_ell calculation at 60.7% in 53.9sek  ETA in 34.9sek
Preparations for C_ell calculation at 61.3% in 54.6sek  ETA in 34.4sek
Preparations for C_ell calculation at 62.0% in 55.1sek  ETA in 33.8sek
Preparations for C_ell calculation at 62.7% in 55.8sek  ETA in 33.3sek
Preparations for C_ell calculation at 63.3% in 56.4sek  ETA in 32.7sek
Preparations for C_ell calculation at 64.0% in 57.0sek  ETA in 32.1sek
Preparations for C_ell calculation at 64.7% in 57.6sek  ETA in 31.5sek
Preparations for C_ell calculation at 65.3% in 58.2sek  ETA in 30.9sek
Preparations for C_ell calculation at 66.0% in 58.8sek  ETA in 30.3sek
Preparations for C_ell calculation at 66.7% in 59.5sek  ETA in 29.8sek
Preparations for C_ell calculation at 67.3% in 60.1sek  ETA in 29.2sek
Preparations for C_ell calculation at 68.0% in 60.7sek  ETA in 28.6sek
Preparations for C_ell calculation at 68.7% in 61.3sek  ETA in 28.0sek
Preparations for C_ell calculation at 69.3% in 61.9sek  ETA in 27.4sek
Preparations for C_ell calculation at 70.0% in 62.4sek  ETA in 26.7sek
Preparations for C_ell calculation at 70.7% in 62.9sek  ETA in 26.1sek
Preparations for C_ell calculation at 71.3% in 63.5sek  ETA in 25.5sek
Preparations for C_ell calculation at 72.0% in 64.1sek  ETA in 24.9sek
Preparations for C_ell calculation at 72.7% in 64.7sek  ETA in 24.3sek
Preparations for C_ell calculation at 73.3% in 65.3sek  ETA in 23.7sek
Preparations for C_ell calculation at 74.0% in 65.9sek  ETA in 23.1sek
Preparations for C_ell calculation at 74.7% in 66.5sek  ETA in 22.5sek
Preparations for C_ell calculation at 75.3% in 67.1sek  ETA in 22.0sek
Preparations for C_ell calculation at 76.0% in 67.6sek  ETA in 21.4sek
Preparations for C_ell calculation at 76.7% in 68.2sek  ETA in 20.8sek
Preparations for C_ell calculation at 77.3% in 68.8sek  ETA in 20.2sek
Preparations for C_ell calculation at 78.0% in 69.3sek  ETA in 19.5sek
Preparations for C_ell calculation at 78.7% in 69.7sek  ETA in 18.9sek
Preparations for C_ell calculation at 79.3% in 70.2sek  ETA in 18.3sek
Preparations for C_ell calculation at 80.0% in 70.7sek  ETA in 17.7sek
Preparations for C_ell calculation at 80.7% in 71.3sek  ETA in 17.1sek
Preparations for C_ell calculation at 81.3% in 71.9sek  ETA in 16.5sek
Preparations for C_ell calculation at 82.0% in 72.5sek  ETA in 15.9sek
Preparations for C_ell calculation at 82.7% in 73.1sek  ETA in 15.3sek
Preparations for C_ell calculation at 83.3% in 73.7sek  ETA in 14.7sek
Preparations for C_ell calculation at 84.0% in 74.3sek  ETA in 14.2sek
Preparations for C_ell calculation at 84.7% in 74.9sek  ETA in 13.6sek
Preparations for C_ell calculation at 85.3% in 75.5sek  ETA in 13.0sek
Preparations for C_ell calculation at 86.0% in 76.1sek  ETA in 12.4sek
Preparations for C_ell calculation at 86.7% in 76.7sek  ETA in 11.8sek
Preparations for C_ell calculation at 87.3% in 77.3sek  ETA in 11.2sek
Preparations for C_ell calculation at 88.0% in 77.9sek  ETA in 10.6sek
Preparations for C_ell calculation at 88.7% in 78.6sek  ETA in 10.0sek
Preparations for C_ell calculation at 89.3% in 79.2sek  ETA in 9.5sek
Preparations for C_ell calculation at 90.0% in 79.8sek  ETA in 8.9sek
Preparations for C_ell calculation at 90.7% in 80.5sek  ETA in 8.3sek
Preparations for C_ell calculation at 91.3% in 81.3sek  ETA in 7.7sek
Preparations for C_ell calculation at 92.0% in 81.9sek  ETA in 7.1sek
Preparations for C_ell calculation at 92.7% in 82.6sek  ETA in 6.5sek
Preparations for C_ell calculation at 93.3% in 83.3sek  ETA in 6.0sek
Preparations for C_ell calculation at 94.0% in 83.9sek  ETA in 5.4sek
Preparations for C_ell calculation at 94.7% in 84.5sek  ETA in 4.8sek
Preparations for C_ell calculation at 95.3% in 85.0sek  ETA in 4.2sek
Preparations for C_ell calculation at 96.0% in 85.6sek  ETA in 3.6sek
Preparations for C_ell calculation at 96.7% in 86.2sek  ETA in 3.0sek
Preparations for C_ell calculation at 97.3% in 86.8sek  ETA in 2.4sek
Preparations for C_ell calculation at 98.0% in 87.4sek  ETA in 1.8sek
Preparations for C_ell calculation at 98.7% in 87.9sek  ETA in 1.2sek
Preparations for C_ell calculation at 99.3% in 88.5sek  ETA in 0.6sek
Preparations for C_ell calculation at 100.0% in 89.0sek  ETA in 0.0sek 
Writing './output_SPV3_ell90/Cell_gg.ascii'.
Writing './output_SPV3_ell90/Cell_gkappa.ascii'.
Writing './output_SPV3_ell90/Cell_kappakappa.ascii'.
Calculating covariance for angular power spectra (C_ell's).
Calculating gaussian covariance for angular power spectra (C_ell's).
Calculating non-Gaussian covariance in ell space
Producing splines for non-Gaussian computation
Line-of-sight integration for non-Gaussian components

Projection for nonGaussian term for the ell-space covariance gggg at 1.1% in 0.1min  ETA in 12.4min
Projection for nonGaussian term for the ell-space covariance gggg at 2.2% in 0.3min  ETA in 12.0min
Projection for nonGaussian term for the ell-space covariance gggg at 3.3% in 0.4min  ETA in 11.9min
Projection for nonGaussian term for the ell-space covariance gggg at 4.4% in 0.5min  ETA in 11.8min
Projection for nonGaussian term for the ell-space covariance gggg at 5.5% in 0.7min  ETA in 11.6min
Projection for nonGaussian term for the ell-space covariance gggg at 6.6% in 0.8min  ETA in 11.4min
Projection for nonGaussian term for the ell-space covariance gggg at 7.7% in 0.9min  ETA in 11.4min
Projection for nonGaussian term for the ell-space covariance gggg at 8.8% in 1.1min  ETA in 11.2min
Projection for nonGaussian term for the ell-space covariance gggg at 9.9% in 1.2min  ETA in 11.1min
Projection for nonGaussian term for the ell-space covariance gggg at 11.0% in 1.4min  ETA in 11.0min
Projection for nonGaussian term for the ell-space covariance gggg at 12.1% in 1.5min  ETA in 10.9min
Projection for nonGaussian term for the ell-space covariance gggg at 13.2% in 1.6min  ETA in 10.8min
Projection for nonGaussian term for the ell-space covariance gggg at 14.3% in 1.8min  ETA in 10.7min
Projection for nonGaussian term for the ell-space covariance gggg at 15.4% in 1.9min  ETA in 10.6min
Projection for nonGaussian term for the ell-space covariance gggg at 16.5% in 2.1min  ETA in 10.5min
Projection for nonGaussian term for the ell-space covariance gggg at 17.6% in 2.2min  ETA in 10.4min
Projection for nonGaussian term for the ell-space covariance gggg at 18.7% in 2.4min  ETA in 10.3min
Projection for nonGaussian term for the ell-space covariance gggg at 19.8% in 2.5min  ETA in 10.2min
Projection for nonGaussian term for the ell-space covariance gggg at 20.9% in 2.6min  ETA in 10.0min
Projection for nonGaussian term for the ell-space covariance gggg at 22.0% in 2.8min  ETA in 9.9min
Projection for nonGaussian term for the ell-space covariance gggg at 23.1% in 2.9min  ETA in 9.8min
Projection for nonGaussian term for the ell-space covariance gggg at 24.2% in 3.1min  ETA in 9.6min
Projection for nonGaussian term for the ell-space covariance gggg at 25.3% in 3.2min  ETA in 9.4min
Projection for nonGaussian term for the ell-space covariance gggg at 26.4% in 3.3min  ETA in 9.3min
Projection for nonGaussian term for the ell-space covariance gggg at 27.5% in 3.4min  ETA in 9.1min
Projection for nonGaussian term for the ell-space covariance gggg at 28.6% in 3.6min  ETA in 8.9min
Projection for nonGaussian term for the ell-space covariance gggg at 29.7% in 3.7min  ETA in 8.7min
Projection for nonGaussian term for the ell-space covariance gggg at 30.8% in 3.8min  ETA in 8.6min
Projection for nonGaussian term for the ell-space covariance gggg at 31.9% in 3.9min  ETA in 8.4min
Projection for nonGaussian term for the ell-space covariance gggg at 33.0% in 4.1min  ETA in 8.3min
Projection for nonGaussian term for the ell-space covariance gggg at 34.1% in 4.2min  ETA in 8.1min
Projection for nonGaussian term for the ell-space covariance gggg at 35.2% in 4.3min  ETA in 8.0min
Projection for nonGaussian term for the ell-space covariance gggg at 36.3% in 4.4min  ETA in 7.8min
Projection for nonGaussian term for the ell-space covariance gggg at 37.4% in 4.6min  ETA in 7.7min
Projection for nonGaussian term for the ell-space covariance gggg at 38.5% in 4.7min  ETA in 7.5min
Projection for nonGaussian term for the ell-space covariance gggg at 39.6% in 4.8min  ETA in 7.4min
Projection for nonGaussian term for the ell-space covariance gggg at 40.7% in 4.9min  ETA in 7.2min
Projection for nonGaussian term for the ell-space covariance gggg at 41.8% in 5.1min  ETA in 7.1min
Projection for nonGaussian term for the ell-space covariance gggg at 42.9% in 5.2min  ETA in 6.9min
Projection for nonGaussian term for the ell-space covariance gggg at 44.0% in 5.3min  ETA in 6.8min
Projection for nonGaussian term for the ell-space covariance gggg at 45.1% in 5.4min  ETA in 6.6min
Projection for nonGaussian term for the ell-space covariance gggg at 46.2% in 5.6min  ETA in 6.5min
Projection for nonGaussian term for the ell-space covariance gggg at 47.3% in 5.7min  ETA in 6.3min
Projection for nonGaussian term for the ell-space covariance gggg at 48.4% in 5.8min  ETA in 6.2min
Projection for nonGaussian term for the ell-space covariance gggg at 49.5% in 5.9min  ETA in 6.1min
Projection for nonGaussian term for the ell-space covariance gggg at 50.5% in 6.0min  ETA in 5.9min
Projection for nonGaussian term for the ell-space covariance gggg at 51.6% in 6.2min  ETA in 5.8min
Projection for nonGaussian term for the ell-space covariance gggg at 52.7% in 6.3min  ETA in 5.6min
Projection for nonGaussian term for the ell-space covariance gggg at 53.8% in 6.4min  ETA in 5.5min
Projection for nonGaussian term for the ell-space covariance gggg at 54.9% in 6.5min  ETA in 5.4min
Projection for nonGaussian term for the ell-space covariance gggg at 56.0% in 6.7min  ETA in 5.2min
Projection for nonGaussian term for the ell-space covariance gggg at 57.1% in 6.8min  ETA in 5.1min
Projection for nonGaussian term for the ell-space covariance gggg at 58.2% in 6.9min  ETA in 5.0min
Projection for nonGaussian term for the ell-space covariance gggg at 59.3% in 7.0min  ETA in 4.8min
Projection for nonGaussian term for the ell-space covariance gggg at 60.4% in 7.2min  ETA in 4.7min
Projection for nonGaussian term for the ell-space covariance gggg at 61.5% in 7.3min  ETA in 4.6min
Projection for nonGaussian term for the ell-space covariance gggg at 62.6% in 7.4min  ETA in 4.4min
Projection for nonGaussian term for the ell-space covariance gggg at 63.7% in 7.5min  ETA in 4.3min
Projection for nonGaussian term for the ell-space covariance gggg at 64.8% in 7.7min  ETA in 4.2min
Projection for nonGaussian term for the ell-space covariance gggg at 65.9% in 7.8min  ETA in 4.0min
Projection for nonGaussian term for the ell-space covariance gggg at 67.0% in 7.9min  ETA in 3.9min
Projection for nonGaussian term for the ell-space covariance gggg at 68.1% in 8.0min  ETA in 3.8min
Projection for nonGaussian term for the ell-space covariance gggg at 69.2% in 8.1min  ETA in 3.6min
Projection for nonGaussian term for the ell-space covariance gggg at 70.3% in 8.3min  ETA in 3.5min
Projection for nonGaussian term for the ell-space covariance gggg at 71.4% in 8.4min  ETA in 3.4min
Projection for nonGaussian term for the ell-space covariance gggg at 72.5% in 8.5min  ETA in 3.2min
Projection for nonGaussian term for the ell-space covariance gggg at 73.6% in 8.6min  ETA in 3.1min
Projection for nonGaussian term for the ell-space covariance gggg at 74.7% in 8.8min  ETA in 3.0min
Projection for nonGaussian term for the ell-space covariance gggg at 75.8% in 8.9min  ETA in 2.8min
Projection for nonGaussian term for the ell-space covariance gggg at 76.9% in 9.0min  ETA in 2.7min
Projection for nonGaussian term for the ell-space covariance gggg at 78.0% in 9.1min  ETA in 2.6min
Projection for nonGaussian term for the ell-space covariance gggg at 79.1% in 9.3min  ETA in 2.4min
Projection for nonGaussian term for the ell-space covariance gggg at 80.2% in 9.4min  ETA in 2.3min
Projection for nonGaussian term for the ell-space covariance gggg at 81.3% in 9.5min  ETA in 2.2min
Projection for nonGaussian term for the ell-space covariance gggg at 82.4% in 9.6min  ETA in 2.1min
Projection for nonGaussian term for the ell-space covariance gggg at 83.5% in 9.8min  ETA in 1.9min
Projection for nonGaussian term for the ell-space covariance gggg at 84.6% in 9.9min  ETA in 1.8min
Projection for nonGaussian term for the ell-space covariance gggg at 85.7% in 10.0min  ETA in 1.7min
Projection for nonGaussian term for the ell-space covariance gggg at 86.8% in 10.1min  ETA in 1.5min
Projection for nonGaussian term for the ell-space covariance gggg at 87.9% in 10.3min  ETA in 1.4min
Projection for nonGaussian term for the ell-space covariance gggg at 89.0% in 10.4min  ETA in 1.3min
Projection for nonGaussian term for the ell-space covariance gggg at 90.1% in 10.5min  ETA in 1.2min
Projection for nonGaussian term for the ell-space covariance gggg at 91.2% in 10.6min  ETA in 1.0min
Projection for nonGaussian term for the ell-space covariance gggg at 92.3% in 10.8min  ETA in 0.9min
Projection for nonGaussian term for the ell-space covariance gggg at 93.4% in 10.9min  ETA in 0.8min
Projection for nonGaussian term for the ell-space covariance gggg at 94.5% in 11.0min  ETA in 0.6min
Projection for nonGaussian term for the ell-space covariance gggg at 95.6% in 11.1min  ETA in 0.5min
Projection for nonGaussian term for the ell-space covariance gggg at 96.7% in 11.3min  ETA in 0.4min
Projection for nonGaussian term for the ell-space covariance gggg at 97.8% in 11.4min  ETA in 0.3min
Projection for nonGaussian term for the ell-space covariance gggg at 98.9% in 11.5min  ETA in 0.1min
Projection for nonGaussian term for the ell-space covariance gggg at 100.0% in 11.6min  ETA in 0.0min

Projection for nonGaussian term for the ell-space covariance gggm at 1.1% in 0.2min  ETA in 21.7min
Projection for nonGaussian term for the ell-space covariance gggm at 2.2% in 0.5min  ETA in 20.9min
Projection for nonGaussian term for the ell-space covariance gggm at 3.3% in 0.7min  ETA in 20.5min
Projection for nonGaussian term for the ell-space covariance gggm at 4.4% in 0.9min  ETA in 20.4min
Projection for nonGaussian term for the ell-space covariance gggm at 5.5% in 1.2min  ETA in 20.2min
Projection for nonGaussian term for the ell-space covariance gggm at 6.6% in 1.4min  ETA in 19.9min
Projection for nonGaussian term for the ell-space covariance gggm at 7.7% in 1.6min  ETA in 19.5min
Projection for nonGaussian term for the ell-space covariance gggm at 8.8% in 1.9min  ETA in 19.3min
Projection for nonGaussian term for the ell-space covariance gggm at 9.9% in 2.1min  ETA in 19.3min
Projection for nonGaussian term for the ell-space covariance gggm at 11.0% in 2.4min  ETA in 19.4min
Projection for nonGaussian term for the ell-space covariance gggm at 12.1% in 2.6min  ETA in 19.2min
Projection for nonGaussian term for the ell-space covariance gggm at 13.2% in 2.9min  ETA in 19.0min
Projection for nonGaussian term for the ell-space covariance gggm at 14.3% in 3.1min  ETA in 18.8min
Projection for nonGaussian term for the ell-space covariance gggm at 15.4% in 3.4min  ETA in 18.6min
Projection for nonGaussian term for the ell-space covariance gggm at 16.5% in 3.7min  ETA in 18.5min
Projection for nonGaussian term for the ell-space covariance gggm at 17.6% in 3.9min  ETA in 18.3min
Projection for nonGaussian term for the ell-space covariance gggm at 18.7% in 4.2min  ETA in 18.2min
Projection for nonGaussian term for the ell-space covariance gggm at 19.8% in 4.4min  ETA in 18.0min
Projection for nonGaussian term for the ell-space covariance gggm at 20.9% in 4.7min  ETA in 17.7min
Projection for nonGaussian term for the ell-space covariance gggm at 22.0% in 4.9min  ETA in 17.4min
Projection for nonGaussian term for the ell-space covariance gggm at 23.1% in 5.1min  ETA in 17.1min
Projection for nonGaussian term for the ell-space covariance gggm at 24.2% in 5.4min  ETA in 16.8min
Projection for nonGaussian term for the ell-space covariance gggm at 25.3% in 5.6min  ETA in 16.6min
Projection for nonGaussian term for the ell-space covariance gggm at 26.4% in 5.9min  ETA in 16.4min
Projection for nonGaussian term for the ell-space covariance gggm at 27.5% in 6.1min  ETA in 16.2min
Projection for nonGaussian term for the ell-space covariance gggm at 28.6% in 6.4min  ETA in 16.0min
Projection for nonGaussian term for the ell-space covariance gggm at 29.7% in 6.6min  ETA in 15.7min
Projection for nonGaussian term for the ell-space covariance gggm at 30.8% in 6.9min  ETA in 15.4min
Projection for nonGaussian term for the ell-space covariance gggm at 31.9% in 7.1min  ETA in 15.1min
Projection for nonGaussian term for the ell-space covariance gggm at 33.0% in 7.3min  ETA in 14.9min
Projection for nonGaussian term for the ell-space covariance gggm at 34.1% in 7.5min  ETA in 14.6min
Projection for nonGaussian term for the ell-space covariance gggm at 35.2% in 7.8min  ETA in 14.4min
Projection for nonGaussian term for the ell-space covariance gggm at 36.3% in 8.0min  ETA in 14.1min
Projection for nonGaussian term for the ell-space covariance gggm at 37.4% in 8.3min  ETA in 13.8min
Projection for nonGaussian term for the ell-space covariance gggm at 38.5% in 8.5min  ETA in 13.6min
Projection for nonGaussian term for the ell-space covariance gggm at 39.6% in 8.7min  ETA in 13.3min
Projection for nonGaussian term for the ell-space covariance gggm at 40.7% in 9.0min  ETA in 13.1min
Projection for nonGaussian term for the ell-space covariance gggm at 41.8% in 9.2min  ETA in 12.8min
Projection for nonGaussian term for the ell-space covariance gggm at 42.9% in 9.4min  ETA in 12.6min
Projection for nonGaussian term for the ell-space covariance gggm at 44.0% in 9.6min  ETA in 12.3min
Projection for nonGaussian term for the ell-space covariance gggm at 45.1% in 9.9min  ETA in 12.0min
Projection for nonGaussian term for the ell-space covariance gggm at 46.2% in 10.1min  ETA in 11.8min
Projection for nonGaussian term for the ell-space covariance gggm at 47.3% in 10.4min  ETA in 11.6min
Projection for nonGaussian term for the ell-space covariance gggm at 48.4% in 10.6min  ETA in 11.3min
Projection for nonGaussian term for the ell-space covariance gggm at 49.5% in 10.8min  ETA in 11.1min
Projection for nonGaussian term for the ell-space covariance gggm at 50.5% in 11.0min  ETA in 10.8min
Projection for nonGaussian term for the ell-space covariance gggm at 51.6% in 11.3min  ETA in 10.6min
Projection for nonGaussian term for the ell-space covariance gggm at 52.7% in 11.5min  ETA in 10.3min
Projection for nonGaussian term for the ell-space covariance gggm at 53.8% in 11.8min  ETA in 10.1min
Projection for nonGaussian term for the ell-space covariance gggm at 54.9% in 12.0min  ETA in 9.8min
Projection for nonGaussian term for the ell-space covariance gggm at 56.0% in 12.2min  ETA in 9.6min
Projection for nonGaussian term for the ell-space covariance gggm at 57.1% in 12.5min  ETA in 9.3min
Projection for nonGaussian term for the ell-space covariance gggm at 58.2% in 12.7min  ETA in 9.1min
Projection for nonGaussian term for the ell-space covariance gggm at 59.3% in 12.9min  ETA in 8.9min
Projection for nonGaussian term for the ell-space covariance gggm at 60.4% in 13.2min  ETA in 8.6min
Projection for nonGaussian term for the ell-space covariance gggm at 61.5% in 13.4min  ETA in 8.4min
Projection for nonGaussian term for the ell-space covariance gggm at 62.6% in 13.6min  ETA in 8.1min
Projection for nonGaussian term for the ell-space covariance gggm at 63.7% in 13.8min  ETA in 7.9min
Projection for nonGaussian term for the ell-space covariance gggm at 64.8% in 14.1min  ETA in 7.6min
Projection for nonGaussian term for the ell-space covariance gggm at 65.9% in 14.3min  ETA in 7.4min
Projection for nonGaussian term for the ell-space covariance gggm at 67.0% in 14.5min  ETA in 7.2min
Projection for nonGaussian term for the ell-space covariance gggm at 68.1% in 14.8min  ETA in 6.9min
Projection for nonGaussian term for the ell-space covariance gggm at 69.2% in 15.0min  ETA in 6.7min
Projection for nonGaussian term for the ell-space covariance gggm at 70.3% in 15.2min  ETA in 6.4min
Projection for nonGaussian term for the ell-space covariance gggm at 71.4% in 15.5min  ETA in 6.2min
Projection for nonGaussian term for the ell-space covariance gggm at 72.5% in 15.7min  ETA in 5.9min
Projection for nonGaussian term for the ell-space covariance gggm at 73.6% in 15.9min  ETA in 5.7min
Projection for nonGaussian term for the ell-space covariance gggm at 74.7% in 16.2min  ETA in 5.5min
Projection for nonGaussian term for the ell-space covariance gggm at 75.8% in 16.4min  ETA in 5.2min
Projection for nonGaussian term for the ell-space covariance gggm at 76.9% in 16.6min  ETA in 5.0min
Projection for nonGaussian term for the ell-space covariance gggm at 78.0% in 16.9min  ETA in 4.7min
Projection for nonGaussian term for the ell-space covariance gggm at 79.1% in 17.1min  ETA in 4.5min
Projection for nonGaussian term for the ell-space covariance gggm at 80.2% in 17.3min  ETA in 4.3min
Projection for nonGaussian term for the ell-space covariance gggm at 81.3% in 17.6min  ETA in 4.0min
Projection for nonGaussian term for the ell-space covariance gggm at 82.4% in 17.8min  ETA in 3.8min
Projection for nonGaussian term for the ell-space covariance gggm at 83.5% in 18.0min  ETA in 3.6min
Projection for nonGaussian term for the ell-space covariance gggm at 84.6% in 18.2min  ETA in 3.3min
Projection for nonGaussian term for the ell-space covariance gggm at 85.7% in 18.5min  ETA in 3.1min
Projection for nonGaussian term for the ell-space covariance gggm at 86.8% in 18.7min  ETA in 2.8min
Projection for nonGaussian term for the ell-space covariance gggm at 87.9% in 18.9min  ETA in 2.6min
Projection for nonGaussian term for the ell-space covariance gggm at 89.0% in 19.2min  ETA in 2.4min
Projection for nonGaussian term for the ell-space covariance gggm at 90.1% in 19.4min  ETA in 2.1min
Projection for nonGaussian term for the ell-space covariance gggm at 91.2% in 19.6min  ETA in 1.9min
Projection for nonGaussian term for the ell-space covariance gggm at 92.3% in 19.9min  ETA in 1.7min
Projection for nonGaussian term for the ell-space covariance gggm at 93.4% in 20.1min  ETA in 1.4min
Projection for nonGaussian term for the ell-space covariance gggm at 94.5% in 20.3min  ETA in 1.2min
Projection for nonGaussian term for the ell-space covariance gggm at 95.6% in 20.6min  ETA in 0.9min
Projection for nonGaussian term for the ell-space covariance gggm at 96.7% in 20.8min  ETA in 0.7min
Projection for nonGaussian term for the ell-space covariance gggm at 97.8% in 21.0min  ETA in 0.5min
Projection for nonGaussian term for the ell-space covariance gggm at 98.9% in 21.3min  ETA in 0.2min
Projection for nonGaussian term for the ell-space covariance gggm at 100.0% in 21.5min  ETA in 0.0min

Projection for nonGaussian term for the ell-space covariance ggmm at 1.1% in 0.1min  ETA in 11.4min
Projection for nonGaussian term for the ell-space covariance ggmm at 2.2% in 0.2min  ETA in 11.1min
Projection for nonGaussian term for the ell-space covariance ggmm at 3.3% in 0.4min  ETA in 11.0min
Projection for nonGaussian term for the ell-space covariance ggmm at 4.4% in 0.5min  ETA in 10.8min
Projection for nonGaussian term for the ell-space covariance ggmm at 5.5% in 0.6min  ETA in 10.7min
Projection for nonGaussian term for the ell-space covariance ggmm at 6.6% in 0.8min  ETA in 10.7min
Projection for nonGaussian term for the ell-space covariance ggmm at 7.7% in 0.9min  ETA in 10.5min
Projection for nonGaussian term for the ell-space covariance ggmm at 8.8% in 1.0min  ETA in 10.4min
Projection for nonGaussian term for the ell-space covariance ggmm at 9.9% in 1.1min  ETA in 10.3min
Projection for nonGaussian term for the ell-space covariance ggmm at 11.0% in 1.3min  ETA in 10.2min
Projection for nonGaussian term for the ell-space covariance ggmm at 12.1% in 1.4min  ETA in 10.0min
Projection for nonGaussian term for the ell-space covariance ggmm at 13.2% in 1.5min  ETA in 9.9min
Projection for nonGaussian term for the ell-space covariance ggmm at 14.3% in 1.6min  ETA in 9.8min
Projection for nonGaussian term for the ell-space covariance ggmm at 15.4% in 1.7min  ETA in 9.6min
Projection for nonGaussian term for the ell-space covariance ggmm at 16.5% in 1.9min  ETA in 9.5min
Projection for nonGaussian term for the ell-space covariance ggmm at 17.6% in 2.0min  ETA in 9.4min
Projection for nonGaussian term for the ell-space covariance ggmm at 18.7% in 2.1min  ETA in 9.3min
Projection for nonGaussian term for the ell-space covariance ggmm at 19.8% in 2.3min  ETA in 9.2min
Projection for nonGaussian term for the ell-space covariance ggmm at 20.9% in 2.4min  ETA in 9.0min
Projection for nonGaussian term for the ell-space covariance ggmm at 22.0% in 2.5min  ETA in 8.9min
Projection for nonGaussian term for the ell-space covariance ggmm at 23.1% in 2.6min  ETA in 8.8min
Projection for nonGaussian term for the ell-space covariance ggmm at 24.2% in 2.8min  ETA in 8.6min
Projection for nonGaussian term for the ell-space covariance ggmm at 25.3% in 2.9min  ETA in 8.5min
Projection for nonGaussian term for the ell-space covariance ggmm at 26.4% in 3.0min  ETA in 8.4min
Projection for nonGaussian term for the ell-space covariance ggmm at 27.5% in 3.1min  ETA in 8.3min
Projection for nonGaussian term for the ell-space covariance ggmm at 28.6% in 3.3min  ETA in 8.1min
Projection for nonGaussian term for the ell-space covariance ggmm at 29.7% in 3.4min  ETA in 8.0min
Projection for nonGaussian term for the ell-space covariance ggmm at 30.8% in 3.5min  ETA in 7.9min
Projection for nonGaussian term for the ell-space covariance ggmm at 31.9% in 3.6min  ETA in 7.8min
Projection for nonGaussian term for the ell-space covariance ggmm at 33.0% in 3.8min  ETA in 7.6min
Projection for nonGaussian term for the ell-space covariance ggmm at 34.1% in 3.9min  ETA in 7.5min
Projection for nonGaussian term for the ell-space covariance ggmm at 35.2% in 4.0min  ETA in 7.4min
Projection for nonGaussian term for the ell-space covariance ggmm at 36.3% in 4.1min  ETA in 7.3min
Projection for nonGaussian term for the ell-space covariance ggmm at 37.4% in 4.3min  ETA in 7.1min
Projection for nonGaussian term for the ell-space covariance ggmm at 38.5% in 4.4min  ETA in 7.0min
Projection for nonGaussian term for the ell-space covariance ggmm at 39.6% in 4.5min  ETA in 6.9min
Projection for nonGaussian term for the ell-space covariance ggmm at 40.7% in 4.6min  ETA in 6.7min
Projection for nonGaussian term for the ell-space covariance ggmm at 41.8% in 4.7min  ETA in 6.6min
Projection for nonGaussian term for the ell-space covariance ggmm at 42.9% in 4.9min  ETA in 6.5min
Projection for nonGaussian term for the ell-space covariance ggmm at 44.0% in 5.0min  ETA in 6.4min
Projection for nonGaussian term for the ell-space covariance ggmm at 45.1% in 5.1min  ETA in 6.2min
Projection for nonGaussian term for the ell-space covariance ggmm at 46.2% in 5.3min  ETA in 6.1min
Projection for nonGaussian term for the ell-space covariance ggmm at 47.3% in 5.4min  ETA in 6.0min
Projection for nonGaussian term for the ell-space covariance ggmm at 48.4% in 5.5min  ETA in 5.9min
Projection for nonGaussian term for the ell-space covariance ggmm at 49.5% in 5.6min  ETA in 5.8min
Projection for nonGaussian term for the ell-space covariance ggmm at 50.5% in 5.8min  ETA in 5.6min
Projection for nonGaussian term for the ell-space covariance ggmm at 51.6% in 5.9min  ETA in 5.5min
Projection for nonGaussian term for the ell-space covariance ggmm at 52.7% in 6.0min  ETA in 5.4min
Projection for nonGaussian term for the ell-space covariance ggmm at 53.8% in 6.1min  ETA in 5.3min
Projection for nonGaussian term for the ell-space covariance ggmm at 54.9% in 6.3min  ETA in 5.1min
Projection for nonGaussian term for the ell-space covariance ggmm at 56.0% in 6.4min  ETA in 5.0min
Projection for nonGaussian term for the ell-space covariance ggmm at 57.1% in 6.5min  ETA in 4.9min
Projection for nonGaussian term for the ell-space covariance ggmm at 58.2% in 6.6min  ETA in 4.7min
Projection for nonGaussian term for the ell-space covariance ggmm at 59.3% in 6.7min  ETA in 4.6min
Projection for nonGaussian term for the ell-space covariance ggmm at 60.4% in 6.9min  ETA in 4.5min
Projection for nonGaussian term for the ell-space covariance ggmm at 61.5% in 7.0min  ETA in 4.4min
Projection for nonGaussian term for the ell-space covariance ggmm at 62.6% in 7.1min  ETA in 4.2min
Projection for nonGaussian term for the ell-space covariance ggmm at 63.7% in 7.2min  ETA in 4.1min
Projection for nonGaussian term for the ell-space covariance ggmm at 64.8% in 7.4min  ETA in 4.0min
Projection for nonGaussian term for the ell-space covariance ggmm at 65.9% in 7.5min  ETA in 3.9min
Projection for nonGaussian term for the ell-space covariance ggmm at 67.0% in 7.6min  ETA in 3.8min
Projection for nonGaussian term for the ell-space covariance ggmm at 68.1% in 7.8min  ETA in 3.6min
Projection for nonGaussian term for the ell-space covariance ggmm at 69.2% in 7.9min  ETA in 3.5min
Projection for nonGaussian term for the ell-space covariance ggmm at 70.3% in 8.0min  ETA in 3.4min
Projection for nonGaussian term for the ell-space covariance ggmm at 71.4% in 8.1min  ETA in 3.3min
Projection for nonGaussian term for the ell-space covariance ggmm at 72.5% in 8.3min  ETA in 3.1min
Projection for nonGaussian term for the ell-space covariance ggmm at 73.6% in 8.4min  ETA in 3.0min
Projection for nonGaussian term for the ell-space covariance ggmm at 74.7% in 8.5min  ETA in 2.9min
Projection for nonGaussian term for the ell-space covariance ggmm at 75.8% in 8.6min  ETA in 2.8min
Projection for nonGaussian term for the ell-space covariance ggmm at 76.9% in 8.8min  ETA in 2.6min
Projection for nonGaussian term for the ell-space covariance ggmm at 78.0% in 8.9min  ETA in 2.5min
Projection for nonGaussian term for the ell-space covariance ggmm at 79.1% in 9.0min  ETA in 2.4min
Projection for nonGaussian term for the ell-space covariance ggmm at 80.2% in 9.1min  ETA in 2.3min
Projection for nonGaussian term for the ell-space covariance ggmm at 81.3% in 9.3min  ETA in 2.1min
Projection for nonGaussian term for the ell-space covariance ggmm at 82.4% in 9.4min  ETA in 2.0min
Projection for nonGaussian term for the ell-space covariance ggmm at 83.5% in 9.5min  ETA in 1.9min
Projection for nonGaussian term for the ell-space covariance ggmm at 84.6% in 9.6min  ETA in 1.8min
Projection for nonGaussian term for the ell-space covariance ggmm at 85.7% in 9.8min  ETA in 1.6min
Projection for nonGaussian term for the ell-space covariance ggmm at 86.8% in 9.9min  ETA in 1.5min
Projection for nonGaussian term for the ell-space covariance ggmm at 87.9% in 10.0min  ETA in 1.4min
Projection for nonGaussian term for the ell-space covariance ggmm at 89.0% in 10.1min  ETA in 1.3min
Projection for nonGaussian term for the ell-space covariance ggmm at 90.1% in 10.3min  ETA in 1.1min
Projection for nonGaussian term for the ell-space covariance ggmm at 91.2% in 10.4min  ETA in 1.0min
Projection for nonGaussian term for the ell-space covariance ggmm at 92.3% in 10.5min  ETA in 0.9min
Projection for nonGaussian term for the ell-space covariance ggmm at 93.4% in 10.6min  ETA in 0.8min
Projection for nonGaussian term for the ell-space covariance ggmm at 94.5% in 10.8min  ETA in 0.6min
Projection for nonGaussian term for the ell-space covariance ggmm at 95.6% in 10.9min  ETA in 0.5min
Projection for nonGaussian term for the ell-space covariance ggmm at 96.7% in 11.0min  ETA in 0.4min
Projection for nonGaussian term for the ell-space covariance ggmm at 97.8% in 11.1min  ETA in 0.3min
Projection for nonGaussian term for the ell-space covariance ggmm at 98.9% in 11.3min  ETA in 0.1min
Projection for nonGaussian term for the ell-space covariance ggmm at 100.0% in 11.4min  ETA in 0.0min

Projection for nonGaussian term for the ell-space covariance gmgm at 0.6% in 0.2min  ETA in 39.0min
Projection for nonGaussian term for the ell-space covariance gmgm at 1.2% in 0.5min  ETA in 39.4min
Projection for nonGaussian term for the ell-space covariance gmgm at 1.8% in 0.7min  ETA in 38.7min
Projection for nonGaussian term for the ell-space covariance gmgm at 2.4% in 0.9min  ETA in 38.2min
Projection for nonGaussian term for the ell-space covariance gmgm at 3.0% in 1.2min  ETA in 37.8min
Projection for nonGaussian term for the ell-space covariance gmgm at 3.6% in 1.4min  ETA in 37.5min
Projection for nonGaussian term for the ell-space covariance gmgm at 4.1% in 1.6min  ETA in 37.5min
Projection for nonGaussian term for the ell-space covariance gmgm at 4.7% in 1.9min  ETA in 37.3min
Projection for nonGaussian term for the ell-space covariance gmgm at 5.3% in 2.1min  ETA in 37.2min
Projection for nonGaussian term for the ell-space covariance gmgm at 5.9% in 2.3min  ETA in 36.9min
Projection for nonGaussian term for the ell-space covariance gmgm at 6.5% in 2.5min  ETA in 36.6min
Projection for nonGaussian term for the ell-space covariance gmgm at 7.1% in 2.8min  ETA in 36.4min
Projection for nonGaussian term for the ell-space covariance gmgm at 7.7% in 3.0min  ETA in 36.2min
Projection for nonGaussian term for the ell-space covariance gmgm at 8.3% in 3.3min  ETA in 36.0min
Projection for nonGaussian term for the ell-space covariance gmgm at 8.9% in 3.5min  ETA in 35.7min
Projection for nonGaussian term for the ell-space covariance gmgm at 9.5% in 3.7min  ETA in 35.4min
Projection for nonGaussian term for the ell-space covariance gmgm at 10.1% in 3.9min  ETA in 35.2min
Projection for nonGaussian term for the ell-space covariance gmgm at 10.7% in 4.2min  ETA in 35.0min
Projection for nonGaussian term for the ell-space covariance gmgm at 11.2% in 4.4min  ETA in 34.8min
Projection for nonGaussian term for the ell-space covariance gmgm at 11.8% in 4.6min  ETA in 34.6min
Projection for nonGaussian term for the ell-space covariance gmgm at 12.4% in 4.9min  ETA in 34.3min
Projection for nonGaussian term for the ell-space covariance gmgm at 13.0% in 5.1min  ETA in 34.1min
Projection for nonGaussian term for the ell-space covariance gmgm at 13.6% in 5.3min  ETA in 33.8min
Projection for nonGaussian term for the ell-space covariance gmgm at 14.2% in 5.6min  ETA in 33.6min
Projection for nonGaussian term for the ell-space covariance gmgm at 14.8% in 5.8min  ETA in 33.4min
Projection for nonGaussian term for the ell-space covariance gmgm at 15.4% in 6.0min  ETA in 33.1min
Projection for nonGaussian term for the ell-space covariance gmgm at 16.0% in 6.3min  ETA in 32.9min
Projection for nonGaussian term for the ell-space covariance gmgm at 16.6% in 6.5min  ETA in 32.6min
Projection for nonGaussian term for the ell-space covariance gmgm at 17.2% in 6.7min  ETA in 32.4min
Projection for nonGaussian term for the ell-space covariance gmgm at 17.8% in 7.0min  ETA in 32.2min
Projection for nonGaussian term for the ell-space covariance gmgm at 18.3% in 7.2min  ETA in 32.0min
Projection for nonGaussian term for the ell-space covariance gmgm at 18.9% in 7.4min  ETA in 31.8min
Projection for nonGaussian term for the ell-space covariance gmgm at 19.5% in 7.6min  ETA in 31.5min
Projection for nonGaussian term for the ell-space covariance gmgm at 20.1% in 7.9min  ETA in 31.3min
Projection for nonGaussian term for the ell-space covariance gmgm at 20.7% in 8.1min  ETA in 31.0min
Projection for nonGaussian term for the ell-space covariance gmgm at 21.3% in 8.3min  ETA in 30.8min
Projection for nonGaussian term for the ell-space covariance gmgm at 21.9% in 8.6min  ETA in 30.6min
Projection for nonGaussian term for the ell-space covariance gmgm at 22.5% in 8.8min  ETA in 30.4min
Projection for nonGaussian term for the ell-space covariance gmgm at 23.1% in 9.0min  ETA in 30.1min
Projection for nonGaussian term for the ell-space covariance gmgm at 23.7% in 9.3min  ETA in 29.9min
Projection for nonGaussian term for the ell-space covariance gmgm at 24.3% in 9.5min  ETA in 29.7min
Projection for nonGaussian term for the ell-space covariance gmgm at 24.9% in 9.7min  ETA in 29.5min
Projection for nonGaussian term for the ell-space covariance gmgm at 25.4% in 10.0min  ETA in 29.2min
Projection for nonGaussian term for the ell-space covariance gmgm at 26.0% in 10.2min  ETA in 29.0min
Projection for nonGaussian term for the ell-space covariance gmgm at 26.6% in 10.4min  ETA in 28.7min
Projection for nonGaussian term for the ell-space covariance gmgm at 27.2% in 10.7min  ETA in 28.5min
Projection for nonGaussian term for the ell-space covariance gmgm at 27.8% in 10.9min  ETA in 28.3min
Projection for nonGaussian term for the ell-space covariance gmgm at 28.4% in 11.1min  ETA in 28.1min
Projection for nonGaussian term for the ell-space covariance gmgm at 29.0% in 11.4min  ETA in 27.8min
Projection for nonGaussian term for the ell-space covariance gmgm at 29.6% in 11.6min  ETA in 27.6min
Projection for nonGaussian term for the ell-space covariance gmgm at 30.2% in 11.8min  ETA in 27.4min
Projection for nonGaussian term for the ell-space covariance gmgm at 30.8% in 12.1min  ETA in 27.1min
Projection for nonGaussian term for the ell-space covariance gmgm at 31.4% in 12.3min  ETA in 26.9min
Projection for nonGaussian term for the ell-space covariance gmgm at 32.0% in 12.5min  ETA in 26.7min
Projection for nonGaussian term for the ell-space covariance gmgm at 32.5% in 12.7min  ETA in 26.4min
Projection for nonGaussian term for the ell-space covariance gmgm at 33.1% in 13.0min  ETA in 26.2min
Projection for nonGaussian term for the ell-space covariance gmgm at 33.7% in 13.2min  ETA in 26.0min
Projection for nonGaussian term for the ell-space covariance gmgm at 34.3% in 13.4min  ETA in 25.7min
Projection for nonGaussian term for the ell-space covariance gmgm at 34.9% in 13.7min  ETA in 25.5min
Projection for nonGaussian term for the ell-space covariance gmgm at 35.5% in 13.9min  ETA in 25.3min
Projection for nonGaussian term for the ell-space covariance gmgm at 36.1% in 14.1min  ETA in 25.0min
Projection for nonGaussian term for the ell-space covariance gmgm at 36.7% in 14.4min  ETA in 24.8min
Projection for nonGaussian term for the ell-space covariance gmgm at 37.3% in 14.6min  ETA in 24.6min
Projection for nonGaussian term for the ell-space covariance gmgm at 37.9% in 14.8min  ETA in 24.4min
Projection for nonGaussian term for the ell-space covariance gmgm at 38.5% in 15.1min  ETA in 24.1min
Projection for nonGaussian term for the ell-space covariance gmgm at 39.1% in 15.3min  ETA in 23.9min
Projection for nonGaussian term for the ell-space covariance gmgm at 39.6% in 15.5min  ETA in 23.7min
Projection for nonGaussian term for the ell-space covariance gmgm at 40.2% in 15.8min  ETA in 23.4min
Projection for nonGaussian term for the ell-space covariance gmgm at 40.8% in 16.0min  ETA in 23.2min
Projection for nonGaussian term for the ell-space covariance gmgm at 41.4% in 16.3min  ETA in 23.0min
Projection for nonGaussian term for the ell-space covariance gmgm at 42.0% in 16.5min  ETA in 22.8min
Projection for nonGaussian term for the ell-space covariance gmgm at 42.6% in 16.7min  ETA in 22.5min
Projection for nonGaussian term for the ell-space covariance gmgm at 43.2% in 17.0min  ETA in 22.3min
Projection for nonGaussian term for the ell-space covariance gmgm at 43.8% in 17.2min  ETA in 22.1min
Projection for nonGaussian term for the ell-space covariance gmgm at 44.4% in 17.4min  ETA in 21.8min
Projection for nonGaussian term for the ell-space covariance gmgm at 45.0% in 17.7min  ETA in 21.6min
Projection for nonGaussian term for the ell-space covariance gmgm at 45.6% in 17.9min  ETA in 21.4min
Projection for nonGaussian term for the ell-space covariance gmgm at 46.2% in 18.1min  ETA in 21.1min
Projection for nonGaussian term for the ell-space covariance gmgm at 46.7% in 18.3min  ETA in 20.9min
Projection for nonGaussian term for the ell-space covariance gmgm at 47.3% in 18.6min  ETA in 20.7min
Projection for nonGaussian term for the ell-space covariance gmgm at 47.9% in 18.8min  ETA in 20.4min
Projection for nonGaussian term for the ell-space covariance gmgm at 48.5% in 19.1min  ETA in 20.2min
Projection for nonGaussian term for the ell-space covariance gmgm at 49.1% in 19.3min  ETA in 20.0min
Projection for nonGaussian term for the ell-space covariance gmgm at 49.7% in 19.5min  ETA in 19.8min
Projection for nonGaussian term for the ell-space covariance gmgm at 50.3% in 19.8min  ETA in 19.5min
Projection for nonGaussian term for the ell-space covariance gmgm at 50.9% in 20.0min  ETA in 19.3min
Projection for nonGaussian term for the ell-space covariance gmgm at 51.5% in 20.3min  ETA in 19.1min
Projection for nonGaussian term for the ell-space covariance gmgm at 52.1% in 20.5min  ETA in 18.9min
Projection for nonGaussian term for the ell-space covariance gmgm at 52.7% in 20.8min  ETA in 18.7min
Projection for nonGaussian term for the ell-space covariance gmgm at 53.3% in 21.0min  ETA in 18.4min
Projection for nonGaussian term for the ell-space covariance gmgm at 53.8% in 21.2min  ETA in 18.2min
Projection for nonGaussian term for the ell-space covariance gmgm at 54.4% in 21.5min  ETA in 18.0min
Projection for nonGaussian term for the ell-space covariance gmgm at 55.0% in 21.7min  ETA in 17.7min
Projection for nonGaussian term for the ell-space covariance gmgm at 55.6% in 21.9min  ETA in 17.5min
Projection for nonGaussian term for the ell-space covariance gmgm at 56.2% in 22.2min  ETA in 17.3min
Projection for nonGaussian term for the ell-space covariance gmgm at 56.8% in 22.4min  ETA in 17.0min
Projection for nonGaussian term for the ell-space covariance gmgm at 57.4% in 22.6min  ETA in 16.8min
Projection for nonGaussian term for the ell-space covariance gmgm at 58.0% in 22.9min  ETA in 16.6min
Projection for nonGaussian term for the ell-space covariance gmgm at 58.6% in 23.1min  ETA in 16.3min
Projection for nonGaussian term for the ell-space covariance gmgm at 59.2% in 23.3min  ETA in 16.1min
Projection for nonGaussian term for the ell-space covariance gmgm at 59.8% in 23.6min  ETA in 15.9min
Projection for nonGaussian term for the ell-space covariance gmgm at 60.4% in 23.8min  ETA in 15.6min
Projection for nonGaussian term for the ell-space covariance gmgm at 60.9% in 24.0min  ETA in 15.4min
Projection for nonGaussian term for the ell-space covariance gmgm at 61.5% in 24.3min  ETA in 15.2min
Projection for nonGaussian term for the ell-space covariance gmgm at 62.1% in 24.5min  ETA in 14.9min
Projection for nonGaussian term for the ell-space covariance gmgm at 62.7% in 24.7min  ETA in 14.7min
Projection for nonGaussian term for the ell-space covariance gmgm at 63.3% in 25.0min  ETA in 14.5min
Projection for nonGaussian term for the ell-space covariance gmgm at 63.9% in 25.2min  ETA in 14.2min
Projection for nonGaussian term for the ell-space covariance gmgm at 64.5% in 25.4min  ETA in 14.0min
Projection for nonGaussian term for the ell-space covariance gmgm at 65.1% in 25.7min  ETA in 13.8min
Projection for nonGaussian term for the ell-space covariance gmgm at 65.7% in 25.9min  ETA in 13.5min
Projection for nonGaussian term for the ell-space covariance gmgm at 66.3% in 26.1min  ETA in 13.3min
Projection for nonGaussian term for the ell-space covariance gmgm at 66.9% in 26.3min  ETA in 13.1min
Projection for nonGaussian term for the ell-space covariance gmgm at 67.5% in 26.6min  ETA in 12.8min
Projection for nonGaussian term for the ell-space covariance gmgm at 68.0% in 26.8min  ETA in 12.6min
Projection for nonGaussian term for the ell-space covariance gmgm at 68.6% in 27.0min  ETA in 12.4min
Projection for nonGaussian term for the ell-space covariance gmgm at 69.2% in 27.3min  ETA in 12.1min
Projection for nonGaussian term for the ell-space covariance gmgm at 69.8% in 27.5min  ETA in 11.9min
Projection for nonGaussian term for the ell-space covariance gmgm at 70.4% in 27.7min  ETA in 11.7min
Projection for nonGaussian term for the ell-space covariance gmgm at 71.0% in 28.0min  ETA in 11.4min
Projection for nonGaussian term for the ell-space covariance gmgm at 71.6% in 28.2min  ETA in 11.2min
Projection for nonGaussian term for the ell-space covariance gmgm at 72.2% in 28.5min  ETA in 11.0min
Projection for nonGaussian term for the ell-space covariance gmgm at 72.8% in 28.7min  ETA in 10.7min
Projection for nonGaussian term for the ell-space covariance gmgm at 73.4% in 28.9min  ETA in 10.5min
Projection for nonGaussian term for the ell-space covariance gmgm at 74.0% in 29.1min  ETA in 10.3min
Projection for nonGaussian term for the ell-space covariance gmgm at 74.6% in 29.4min  ETA in 10.0min
Projection for nonGaussian term for the ell-space covariance gmgm at 75.1% in 29.6min  ETA in 9.8min
Projection for nonGaussian term for the ell-space covariance gmgm at 75.7% in 29.8min  ETA in 9.6min
Projection for nonGaussian term for the ell-space covariance gmgm at 76.3% in 30.1min  ETA in 9.3min
Projection for nonGaussian term for the ell-space covariance gmgm at 76.9% in 30.3min  ETA in 9.1min
Projection for nonGaussian term for the ell-space covariance gmgm at 77.5% in 30.5min  ETA in 8.9min
Projection for nonGaussian term for the ell-space covariance gmgm at 78.1% in 30.8min  ETA in 8.6min
Projection for nonGaussian term for the ell-space covariance gmgm at 78.7% in 31.0min  ETA in 8.4min
Projection for nonGaussian term for the ell-space covariance gmgm at 79.3% in 31.2min  ETA in 8.2min
Projection for nonGaussian term for the ell-space covariance gmgm at 79.9% in 31.5min  ETA in 7.9min
Projection for nonGaussian term for the ell-space covariance gmgm at 80.5% in 31.7min  ETA in 7.7min
Projection for nonGaussian term for the ell-space covariance gmgm at 81.1% in 32.0min  ETA in 7.5min
Projection for nonGaussian term for the ell-space covariance gmgm at 81.7% in 32.2min  ETA in 7.2min
Projection for nonGaussian term for the ell-space covariance gmgm at 82.2% in 32.4min  ETA in 7.0min
Projection for nonGaussian term for the ell-space covariance gmgm at 82.8% in 32.6min  ETA in 6.8min
Projection for nonGaussian term for the ell-space covariance gmgm at 83.4% in 32.9min  ETA in 6.5min
Projection for nonGaussian term for the ell-space covariance gmgm at 84.0% in 33.1min  ETA in 6.3min
Projection for nonGaussian term for the ell-space covariance gmgm at 84.6% in 33.3min  ETA in 6.1min
Projection for nonGaussian term for the ell-space covariance gmgm at 85.2% in 33.6min  ETA in 5.8min
Projection for nonGaussian term for the ell-space covariance gmgm at 85.8% in 33.8min  ETA in 5.6min
Projection for nonGaussian term for the ell-space covariance gmgm at 86.4% in 34.0min  ETA in 5.4min
Projection for nonGaussian term for the ell-space covariance gmgm at 87.0% in 34.3min  ETA in 5.1min
Projection for nonGaussian term for the ell-space covariance gmgm at 87.6% in 34.5min  ETA in 4.9min
Projection for nonGaussian term for the ell-space covariance gmgm at 88.2% in 34.7min  ETA in 4.7min
Projection for nonGaussian term for the ell-space covariance gmgm at 88.8% in 35.0min  ETA in 4.4min
Projection for nonGaussian term for the ell-space covariance gmgm at 89.3% in 35.2min  ETA in 4.2min
Projection for nonGaussian term for the ell-space covariance gmgm at 89.9% in 35.4min  ETA in 4.0min
Projection for nonGaussian term for the ell-space covariance gmgm at 90.5% in 35.7min  ETA in 3.7min
Projection for nonGaussian term for the ell-space covariance gmgm at 91.1% in 35.9min  ETA in 3.5min
Projection for nonGaussian term for the ell-space covariance gmgm at 91.7% in 36.1min  ETA in 3.3min
Projection for nonGaussian term for the ell-space covariance gmgm at 92.3% in 36.3min  ETA in 3.0min
Projection for nonGaussian term for the ell-space covariance gmgm at 92.9% in 36.6min  ETA in 2.8min
Projection for nonGaussian term for the ell-space covariance gmgm at 93.5% in 36.8min  ETA in 2.6min
Projection for nonGaussian term for the ell-space covariance gmgm at 94.1% in 37.0min  ETA in 2.3min
Projection for nonGaussian term for the ell-space covariance gmgm at 94.7% in 37.3min  ETA in 2.1min
Projection for nonGaussian term for the ell-space covariance gmgm at 95.3% in 37.5min  ETA in 1.9min
Projection for nonGaussian term for the ell-space covariance gmgm at 95.9% in 37.7min  ETA in 1.6min
Projection for nonGaussian term for the ell-space covariance gmgm at 96.4% in 38.0min  ETA in 1.4min
Projection for nonGaussian term for the ell-space covariance gmgm at 97.0% in 38.2min  ETA in 1.2min
Projection for nonGaussian term for the ell-space covariance gmgm at 97.6% in 38.4min  ETA in 0.9min
Projection for nonGaussian term for the ell-space covariance gmgm at 98.2% in 38.7min  ETA in 0.7min
Projection for nonGaussian term for the ell-space covariance gmgm at 98.8% in 38.9min  ETA in 0.5min
Projection for nonGaussian term for the ell-space covariance gmgm at 99.4% in 39.1min  ETA in 0.2min
Projection for nonGaussian term for the ell-space covariance gmgm at 100.0% in 39.3min  ETA in 0.0min

Projection for nonGaussian term for the ell-space covariance mmgm at 1.1% in 0.2min  ETA in 21.1min
Projection for nonGaussian term for the ell-space covariance mmgm at 2.2% in 0.5min  ETA in 20.8min
Projection for nonGaussian term for the ell-space covariance mmgm at 3.3% in 0.7min  ETA in 20.5min
Projection for nonGaussian term for the ell-space covariance mmgm at 4.4% in 0.9min  ETA in 20.3min
Projection for nonGaussian term for the ell-space covariance mmgm at 5.5% in 1.2min  ETA in 20.0min
Projection for nonGaussian term for the ell-space covariance mmgm at 6.6% in 1.4min  ETA in 19.6min
Projection for nonGaussian term for the ell-space covariance mmgm at 7.7% in 1.6min  ETA in 19.5min
Projection for nonGaussian term for the ell-space covariance mmgm at 8.8% in 1.9min  ETA in 19.2min
Projection for nonGaussian term for the ell-space covariance mmgm at 9.9% in 2.1min  ETA in 19.0min
Projection for nonGaussian term for the ell-space covariance mmgm at 11.0% in 2.3min  ETA in 18.8min
Projection for nonGaussian term for the ell-space covariance mmgm at 12.1% in 2.5min  ETA in 18.5min
Projection for nonGaussian term for the ell-space covariance mmgm at 13.2% in 2.8min  ETA in 18.3min
Projection for nonGaussian term for the ell-space covariance mmgm at 14.3% in 3.0min  ETA in 18.1min
Projection for nonGaussian term for the ell-space covariance mmgm at 15.4% in 3.2min  ETA in 17.8min
Projection for nonGaussian term for the ell-space covariance mmgm at 16.5% in 3.5min  ETA in 17.6min
Projection for nonGaussian term for the ell-space covariance mmgm at 17.6% in 3.7min  ETA in 17.4min
Projection for nonGaussian term for the ell-space covariance mmgm at 18.7% in 3.9min  ETA in 17.1min
Projection for nonGaussian term for the ell-space covariance mmgm at 19.8% in 4.2min  ETA in 16.9min
Projection for nonGaussian term for the ell-space covariance mmgm at 20.9% in 4.4min  ETA in 16.7min
Projection for nonGaussian term for the ell-space covariance mmgm at 22.0% in 4.6min  ETA in 16.5min
Projection for nonGaussian term for the ell-space covariance mmgm at 23.1% in 4.9min  ETA in 16.3min
Projection for nonGaussian term for the ell-space covariance mmgm at 24.2% in 5.1min  ETA in 16.0min
Projection for nonGaussian term for the ell-space covariance mmgm at 25.3% in 5.3min  ETA in 15.8min
Projection for nonGaussian term for the ell-space covariance mmgm at 26.4% in 5.6min  ETA in 15.6min
Projection for nonGaussian term for the ell-space covariance mmgm at 27.5% in 5.8min  ETA in 15.3min
Projection for nonGaussian term for the ell-space covariance mmgm at 28.6% in 6.0min  ETA in 15.1min
Projection for nonGaussian term for the ell-space covariance mmgm at 29.7% in 6.3min  ETA in 14.8min
Projection for nonGaussian term for the ell-space covariance mmgm at 30.8% in 6.5min  ETA in 14.6min
Projection for nonGaussian term for the ell-space covariance mmgm at 31.9% in 6.7min  ETA in 14.4min
Projection for nonGaussian term for the ell-space covariance mmgm at 33.0% in 7.0min  ETA in 14.1min
Projection for nonGaussian term for the ell-space covariance mmgm at 34.1% in 7.2min  ETA in 13.9min
Projection for nonGaussian term for the ell-space covariance mmgm at 35.2% in 7.4min  ETA in 13.7min
Projection for nonGaussian term for the ell-space covariance mmgm at 36.3% in 7.7min  ETA in 13.5min
Projection for nonGaussian term for the ell-space covariance mmgm at 37.4% in 7.9min  ETA in 13.2min
Projection for nonGaussian term for the ell-space covariance mmgm at 38.5% in 8.1min  ETA in 13.0min
Projection for nonGaussian term for the ell-space covariance mmgm at 39.6% in 8.3min  ETA in 12.8min
Projection for nonGaussian term for the ell-space covariance mmgm at 40.7% in 8.6min  ETA in 12.5min
Projection for nonGaussian term for the ell-space covariance mmgm at 41.8% in 8.8min  ETA in 12.3min
Projection for nonGaussian term for the ell-space covariance mmgm at 42.9% in 9.0min  ETA in 12.0min
Projection for nonGaussian term for the ell-space covariance mmgm at 44.0% in 9.3min  ETA in 11.8min
Projection for nonGaussian term for the ell-space covariance mmgm at 45.1% in 9.5min  ETA in 11.6min
Projection for nonGaussian term for the ell-space covariance mmgm at 46.2% in 9.7min  ETA in 11.3min
Projection for nonGaussian term for the ell-space covariance mmgm at 47.3% in 10.0min  ETA in 11.1min
Projection for nonGaussian term for the ell-space covariance mmgm at 48.4% in 10.2min  ETA in 10.9min
Projection for nonGaussian term for the ell-space covariance mmgm at 49.5% in 10.4min  ETA in 10.6min
Projection for nonGaussian term for the ell-space covariance mmgm at 50.5% in 10.6min  ETA in 10.4min
Projection for nonGaussian term for the ell-space covariance mmgm at 51.6% in 10.9min  ETA in 10.2min
Projection for nonGaussian term for the ell-space covariance mmgm at 52.7% in 11.1min  ETA in 9.9min
Projection for nonGaussian term for the ell-space covariance mmgm at 53.8% in 11.3min  ETA in 9.7min
Projection for nonGaussian term for the ell-space covariance mmgm at 54.9% in 11.6min  ETA in 9.5min
Projection for nonGaussian term for the ell-space covariance mmgm at 56.0% in 11.8min  ETA in 9.2min
Projection for nonGaussian term for the ell-space covariance mmgm at 57.1% in 12.0min  ETA in 9.0min
Projection for nonGaussian term for the ell-space covariance mmgm at 58.2% in 12.3min  ETA in 8.8min
Projection for nonGaussian term for the ell-space covariance mmgm at 59.3% in 12.5min  ETA in 8.6min
Projection for nonGaussian term for the ell-space covariance mmgm at 60.4% in 12.7min  ETA in 8.3min
Projection for nonGaussian term for the ell-space covariance mmgm at 61.5% in 13.0min  ETA in 8.1min
Projection for nonGaussian term for the ell-space covariance mmgm at 62.6% in 13.2min  ETA in 7.9min
Projection for nonGaussian term for the ell-space covariance mmgm at 63.7% in 13.4min  ETA in 7.6min
Projection for nonGaussian term for the ell-space covariance mmgm at 64.8% in 13.7min  ETA in 7.4min
Projection for nonGaussian term for the ell-space covariance mmgm at 65.9% in 13.9min  ETA in 7.2min
Projection for nonGaussian term for the ell-space covariance mmgm at 67.0% in 14.1min  ETA in 7.0min
Projection for nonGaussian term for the ell-space covariance mmgm at 68.1% in 14.4min  ETA in 6.7min
Projection for nonGaussian term for the ell-space covariance mmgm at 69.2% in 14.6min  ETA in 6.5min
Projection for nonGaussian term for the ell-space covariance mmgm at 70.3% in 14.8min  ETA in 6.3min
Projection for nonGaussian term for the ell-space covariance mmgm at 71.4% in 15.1min  ETA in 6.0min
Projection for nonGaussian term for the ell-space covariance mmgm at 72.5% in 15.3min  ETA in 5.8min
Projection for nonGaussian term for the ell-space covariance mmgm at 73.6% in 15.5min  ETA in 5.6min
Projection for nonGaussian term for the ell-space covariance mmgm at 74.7% in 15.8min  ETA in 5.3min
Projection for nonGaussian term for the ell-space covariance mmgm at 75.8% in 16.0min  ETA in 5.1min
Projection for nonGaussian term for the ell-space covariance mmgm at 76.9% in 16.2min  ETA in 4.9min
Projection for nonGaussian term for the ell-space covariance mmgm at 78.0% in 16.5min  ETA in 4.6min
Projection for nonGaussian term for the ell-space covariance mmgm at 79.1% in 16.7min  ETA in 4.4min
Projection for nonGaussian term for the ell-space covariance mmgm at 80.2% in 17.0min  ETA in 4.2min
Projection for nonGaussian term for the ell-space covariance mmgm at 81.3% in 17.2min  ETA in 3.9min
Projection for nonGaussian term for the ell-space covariance mmgm at 82.4% in 17.4min  ETA in 3.7min
Projection for nonGaussian term for the ell-space covariance mmgm at 83.5% in 17.7min  ETA in 3.5min
Projection for nonGaussian term for the ell-space covariance mmgm at 84.6% in 17.9min  ETA in 3.3min
Projection for nonGaussian term for the ell-space covariance mmgm at 85.7% in 18.2min  ETA in 3.0min
Projection for nonGaussian term for the ell-space covariance mmgm at 86.8% in 18.4min  ETA in 2.8min
Projection for nonGaussian term for the ell-space covariance mmgm at 87.9% in 18.6min  ETA in 2.6min
Projection for nonGaussian term for the ell-space covariance mmgm at 89.0% in 18.9min  ETA in 2.3min
Projection for nonGaussian term for the ell-space covariance mmgm at 90.1% in 19.1min  ETA in 2.1min
Projection for nonGaussian term for the ell-space covariance mmgm at 91.2% in 19.3min  ETA in 1.9min
Projection for nonGaussian term for the ell-space covariance mmgm at 92.3% in 19.6min  ETA in 1.6min
Projection for nonGaussian term for the ell-space covariance mmgm at 93.4% in 19.8min  ETA in 1.4min
Projection for nonGaussian term for the ell-space covariance mmgm at 94.5% in 20.0min  ETA in 1.2min
Projection for nonGaussian term for the ell-space covariance mmgm at 95.6% in 20.3min  ETA in 0.9min
Projection for nonGaussian term for the ell-space covariance mmgm at 96.7% in 20.5min  ETA in 0.7min
Projection for nonGaussian term for the ell-space covariance mmgm at 97.8% in 20.7min  ETA in 0.5min
Projection for nonGaussian term for the ell-space covariance mmgm at 98.9% in 21.0min  ETA in 0.2min
Projection for nonGaussian term for the ell-space covariance mmgm at 100.0% in 21.2min  ETA in 0.0min

Projection for nonGaussian term for the ell-space covariance mmmm at 1.1% in 0.1min  ETA in 12.3min
Projection for nonGaussian term for the ell-space covariance mmmm at 2.2% in 0.3min  ETA in 11.6min
Projection for nonGaussian term for the ell-space covariance mmmm at 3.3% in 0.4min  ETA in 11.3min
Projection for nonGaussian term for the ell-space covariance mmmm at 4.4% in 0.5min  ETA in 11.1min
Projection for nonGaussian term for the ell-space covariance mmmm at 5.5% in 0.6min  ETA in 10.9min
Projection for nonGaussian term for the ell-space covariance mmmm at 6.6% in 0.8min  ETA in 10.8min
Projection for nonGaussian term for the ell-space covariance mmmm at 7.7% in 0.9min  ETA in 10.7min
Projection for nonGaussian term for the ell-space covariance mmmm at 8.8% in 1.0min  ETA in 10.6min
Projection for nonGaussian term for the ell-space covariance mmmm at 9.9% in 1.1min  ETA in 10.4min
Projection for nonGaussian term for the ell-space covariance mmmm at 11.0% in 1.3min  ETA in 10.3min
Projection for nonGaussian term for the ell-space covariance mmmm at 12.1% in 1.4min  ETA in 10.2min
Projection for nonGaussian term for the ell-space covariance mmmm at 13.2% in 1.5min  ETA in 10.0min
Projection for nonGaussian term for the ell-space covariance mmmm at 14.3% in 1.6min  ETA in 9.9min
Projection for nonGaussian term for the ell-space covariance mmmm at 15.4% in 1.8min  ETA in 9.7min
Projection for nonGaussian term for the ell-space covariance mmmm at 16.5% in 1.9min  ETA in 9.6min
Projection for nonGaussian term for the ell-space covariance mmmm at 17.6% in 2.0min  ETA in 9.5min
Projection for nonGaussian term for the ell-space covariance mmmm at 18.7% in 2.2min  ETA in 9.4min
Projection for nonGaussian term for the ell-space covariance mmmm at 19.8% in 2.3min  ETA in 9.3min
Projection for nonGaussian term for the ell-space covariance mmmm at 20.9% in 2.4min  ETA in 9.1min
Projection for nonGaussian term for the ell-space covariance mmmm at 22.0% in 2.5min  ETA in 9.0min
Projection for nonGaussian term for the ell-space covariance mmmm at 23.1% in 2.7min  ETA in 8.9min
Projection for nonGaussian term for the ell-space covariance mmmm at 24.2% in 2.8min  ETA in 8.8min
Projection for nonGaussian term for the ell-space covariance mmmm at 25.3% in 2.9min  ETA in 8.6min
Projection for nonGaussian term for the ell-space covariance mmmm at 26.4% in 3.1min  ETA in 8.5min
Projection for nonGaussian term for the ell-space covariance mmmm at 27.5% in 3.2min  ETA in 8.4min
Projection for nonGaussian term for the ell-space covariance mmmm at 28.6% in 3.3min  ETA in 8.3min
Projection for nonGaussian term for the ell-space covariance mmmm at 29.7% in 3.4min  ETA in 8.2min
Projection for nonGaussian term for the ell-space covariance mmmm at 30.8% in 3.6min  ETA in 8.0min
Projection for nonGaussian term for the ell-space covariance mmmm at 31.9% in 3.7min  ETA in 7.9min
Projection for nonGaussian term for the ell-space covariance mmmm at 33.0% in 3.8min  ETA in 7.8min
Projection for nonGaussian term for the ell-space covariance mmmm at 34.1% in 3.9min  ETA in 7.6min
Projection for nonGaussian term for the ell-space covariance mmmm at 35.2% in 4.1min  ETA in 7.5min
Projection for nonGaussian term for the ell-space covariance mmmm at 36.3% in 4.2min  ETA in 7.4min
Projection for nonGaussian term for the ell-space covariance mmmm at 37.4% in 4.3min  ETA in 7.2min
Projection for nonGaussian term for the ell-space covariance mmmm at 38.5% in 4.5min  ETA in 7.1min
Projection for nonGaussian term for the ell-space covariance mmmm at 39.6% in 4.6min  ETA in 7.0min
Projection for nonGaussian term for the ell-space covariance mmmm at 40.7% in 4.7min  ETA in 6.9min
Projection for nonGaussian term for the ell-space covariance mmmm at 41.8% in 4.8min  ETA in 6.8min
Projection for nonGaussian term for the ell-space covariance mmmm at 42.9% in 5.0min  ETA in 6.6min
Projection for nonGaussian term for the ell-space covariance mmmm at 44.0% in 5.1min  ETA in 6.5min
Projection for nonGaussian term for the ell-space covariance mmmm at 45.1% in 5.2min  ETA in 6.4min
Projection for nonGaussian term for the ell-space covariance mmmm at 46.2% in 5.4min  ETA in 6.3min
Projection for nonGaussian term for the ell-space covariance mmmm at 47.3% in 5.5min  ETA in 6.1min
Projection for nonGaussian term for the ell-space covariance mmmm at 48.4% in 5.6min  ETA in 6.0min
Projection for nonGaussian term for the ell-space covariance mmmm at 49.5% in 5.8min  ETA in 5.9min
Projection for nonGaussian term for the ell-space covariance mmmm at 50.5% in 5.9min  ETA in 5.8min
Projection for nonGaussian term for the ell-space covariance mmmm at 51.6% in 6.0min  ETA in 5.6min
Projection for nonGaussian term for the ell-space covariance mmmm at 52.7% in 6.1min  ETA in 5.5min
Projection for nonGaussian term for the ell-space covariance mmmm at 53.8% in 6.2min  ETA in 5.4min
Projection for nonGaussian term for the ell-space covariance mmmm at 54.9% in 6.4min  ETA in 5.2min
Projection for nonGaussian term for the ell-space covariance mmmm at 56.0% in 6.5min  ETA in 5.1min
Projection for nonGaussian term for the ell-space covariance mmmm at 57.1% in 6.6min  ETA in 5.0min
Projection for nonGaussian term for the ell-space covariance mmmm at 58.2% in 6.7min  ETA in 4.8min
Projection for nonGaussian term for the ell-space covariance mmmm at 59.3% in 6.9min  ETA in 4.7min
Projection for nonGaussian term for the ell-space covariance mmmm at 60.4% in 7.0min  ETA in 4.6min
Projection for nonGaussian term for the ell-space covariance mmmm at 61.5% in 7.1min  ETA in 4.5min
Projection for nonGaussian term for the ell-space covariance mmmm at 62.6% in 7.2min  ETA in 4.3min
Projection for nonGaussian term for the ell-space covariance mmmm at 63.7% in 7.4min  ETA in 4.2min
Projection for nonGaussian term for the ell-space covariance mmmm at 64.8% in 7.5min  ETA in 4.1min
Projection for nonGaussian term for the ell-space covariance mmmm at 65.9% in 7.6min  ETA in 3.9min
Projection for nonGaussian term for the ell-space covariance mmmm at 67.0% in 7.7min  ETA in 3.8min
Projection for nonGaussian term for the ell-space covariance mmmm at 68.1% in 7.9min  ETA in 3.7min
Projection for nonGaussian term for the ell-space covariance mmmm at 69.2% in 8.0min  ETA in 3.6min
Projection for nonGaussian term for the ell-space covariance mmmm at 70.3% in 8.2min  ETA in 3.4min
Projection for nonGaussian term for the ell-space covariance mmmm at 71.4% in 8.3min  ETA in 3.3min
Projection for nonGaussian term for the ell-space covariance mmmm at 72.5% in 8.4min  ETA in 3.2min
Projection for nonGaussian term for the ell-space covariance mmmm at 73.6% in 8.6min  ETA in 3.1min
Projection for nonGaussian term for the ell-space covariance mmmm at 74.7% in 8.7min  ETA in 3.0min
Projection for nonGaussian term for the ell-space covariance mmmm at 75.8% in 8.9min  ETA in 2.8min
Projection for nonGaussian term for the ell-space covariance mmmm at 76.9% in 9.0min  ETA in 2.7min
Projection for nonGaussian term for the ell-space covariance mmmm at 78.0% in 9.1min  ETA in 2.6min
Projection for nonGaussian term for the ell-space covariance mmmm at 79.1% in 9.2min  ETA in 2.4min
Projection for nonGaussian term for the ell-space covariance mmmm at 80.2% in 9.4min  ETA in 2.3min
Projection for nonGaussian term for the ell-space covariance mmmm at 81.3% in 9.5min  ETA in 2.2min
Projection for nonGaussian term for the ell-space covariance mmmm at 82.4% in 9.6min  ETA in 2.0min
Projection for nonGaussian term for the ell-space covariance mmmm at 83.5% in 9.7min  ETA in 1.9min
Projection for nonGaussian term for the ell-space covariance mmmm at 84.6% in 9.9min  ETA in 1.8min
Projection for nonGaussian term for the ell-space covariance mmmm at 85.7% in 10.0min  ETA in 1.7min
Projection for nonGaussian term for the ell-space covariance mmmm at 86.8% in 10.2min  ETA in 1.5min
Projection for nonGaussian term for the ell-space covariance mmmm at 87.9% in 10.3min  ETA in 1.4min
Projection for nonGaussian term for the ell-space covariance mmmm at 89.0% in 10.4min  ETA in 1.3min
Projection for nonGaussian term for the ell-space covariance mmmm at 90.1% in 10.6min  ETA in 1.2min
Projection for nonGaussian term for the ell-space covariance mmmm at 91.2% in 10.7min  ETA in 1.0min
Projection for nonGaussian term for the ell-space covariance mmmm at 92.3% in 10.8min  ETA in 0.9min
Projection for nonGaussian term for the ell-space covariance mmmm at 93.4% in 10.9min  ETA in 0.8min
Projection for nonGaussian term for the ell-space covariance mmmm at 94.5% in 11.0min  ETA in 0.6min
Projection for nonGaussian term for the ell-space covariance mmmm at 95.6% in 11.2min  ETA in 0.5min
Projection for nonGaussian term for the ell-space covariance mmmm at 96.7% in 11.3min  ETA in 0.4min
Projection for nonGaussian term for the ell-space covariance mmmm at 97.8% in 11.4min  ETA in 0.3min
Projection for nonGaussian term for the ell-space covariance mmmm at 98.9% in 11.5min  ETA in 0.1min
Projection for nonGaussian term for the ell-space covariance mmmm at 100.0% in 11.7min  ETA in 0.0min
obs_dict:  {'observables': {'cosmic_shear': True, 'est_shear': 'C_ell', 'ggl': True, 'est_ggl': 'C_ell', 'clustering': True, 'est_clust': 'C_ell', 'cross_terms': True, 'clustering_z': False, 'unbiased_clustering': False, 'csmf': False, 'csmf_log10M_bins': None}, 'ELLspace': {'limber': True, 'nglimber': True, 'pixelised_cell': False, 'pixel_Nside': None, 'ell_min': 10.0, 'ell_max': 5000.0, 'ell_bins': 2, 'ell_type': 'log', 'delta_z': 0.02, 'integration_steps': 1000, 'nz_polyorder': 1, 'tri_delta_z': 0.1, 'mult_shear_bias': array([0., 0., 0., 0., 0., 0., 0., 0., 0., 0., 0., 0., 0.]), 'n_spec': None, 'ell_spec_min': None, 'ell_spec_max': None, 'ell_spec_bins': None, 'ell_spec_type': None, 'ell_photo_min': None, 'ell_photo_max': None, 'ell_photo_bins': None, 'ell_photo_type': None, 'ell_min_clustering': None, 'ell_max_clustering': None, 'ell_bins_clustering': None, 'ell_type_clustering': None, 'ell_min_lensing': None, 'ell_max_lensing': None, 'ell_bins_lensing': None, 'ell_type_lensing': None}, 'THETAspace': {'theta_min': None, 'theta_max': None, 'theta_bins': None, 'theta_type': None, 'theta_min_clustering': None, 'theta_max_clustering': None, 'theta_bins_clustering': None, 'theta_type_clustering': None, 'theta_min_lensing': None, 'theta_max_lensing': None, 'theta_bins_lensing': None, 'theta_type_lensing': None, 'theta_list': None, 'xi_pp': None, 'xi_pm': False, 'xi_mm': None, 'theta_acc': None, 'integration_intervals': None, 'mix_term_file_path_catalog': None, 'mix_term_col_name_weight': None, 'mix_term_col_name_pos1': None, 'mix_term_col_name_pos2': None, 'mix_term_col_name_zbin': None, 'mix_term_isspherical': None, 'mix_term_target_patchsize': None, 'mix_term_do_overlap': None, 'mix_term_do_mix_for': None, 'mix_term_nbins_phi': None, 'mix_term_nmax': None, 'mix_term_do_ec': None, 'mix_term_subsample': None, 'mix_term_nsubr': None, 'mix_term_file_path_save_triplets': None, 'mix_term_file_path_load_triplets': None}, 'COSEBIs': {'En_modes': None, 'theta_min': None, 'theta_max': None, 'En_acc': None, 'Wn_style': None, 'En_modes_clustering': None, 'theta_min_clustering': None, 'theta_max_clustering': None, 'En_modes_lensing': None, 'theta_min_lensing': None, 'theta_max_lensing': None, 'Wn_acc': None}, 'bandpowers': {'apodisation_log_width_clustering': None, 'theta_lo_clustering': None, 'theta_up_clustering': None, 'ell_min_clustering': None, 'ell_max_clustering': None, 'ell_bins_clustering': None, 'ell_type_clustering': None, 'apodisation_log_width_lensing': None, 'theta_lo_lensing': None, 'theta_up_lensing': None, 'ell_min_lensing': None, 'ell_max_lensing': None, 'ell_bins_lensing': None, 'ell_type_lensing': None, 'bandpower_accuracy': None, 'theta_binning': None}, 'Rspace': {'radius_min': None, 'radius_max': None, 'radius_bins': None, 'radius_type': None, 'mean_redshift': None, 'clust_length': None}, 'arbitrary_summary': {'do_arbitrary_summary': None, 'oscillations_straddle': None, 'arbitrary_accuracy': None}}
len(gauss):  18
obslength:  6
Traceback (most recent call last):
  File "/export/NAS/cosmo/data/davide.sciotti/OneCovariance/covariance.py", line 37, in <module>
    out.write_cov(covterms, observables, covell.n_tomo_clust,
  File "/export/NAS/cosmo/data/davide.sciotti/OneCovariance/onecov/cov_output.py", line 370, in write_cov
    raise Exception("OutputError: The nongaussian covariance needs " +
Exception: OutputError: The nongaussian covariance needs at least 6 entries in the order ['gggg', 'gggm', 'ggmm', 'gmgm', 'mmgm', 'mmmm'] or ['gggg', 'gggm', 'ggxip', 'ggxim', 'gmgm', 'gmxip', 'gmxim', 'xipxip', 'xi_pm', 'xi_mm']. Replacing the respective inputs with 0 or None is supported.
